<?xml version="1.0" encoding="UTF-8"?>
<!-- Generated by org.testng.reporters.JUnitXMLReporter -->
<testsuite ignored="0" hostname="Ktex03" failures="1" tests="15" name="Command line test" time="117.442" errors="0" timestamp="2022-06-11T12:24:31 EDT">
  <testcase classname="com.project.qa.testcases.ContactsPageTest" name="verifyContactsPageLable" time="0.058"/>
  <testcase classname="com.project.qa.testcases.ContactsPageTest" name="selectSingleContactTest" time="0.084"/>
  <testcase classname="com.project.qa.testcases.ContactsPageTest" name="selectMultipleContactList" time="0.147"/>
  <testcase classname="com.project.qa.testcases.ContactsPageTest" name="validateCreateContact" time="2.048"/>
  <testcase classname="com.project.qa.testcases.ContactsPageTest" name="validateCreateContact" time="1.776"/>
  <testcase classname="com.project.qa.testcases.ContactsPageTest" name="validateCreateContact" time="1.793"/>
  <testcase classname="com.project.qa.testcases.ContactsPageTest" name="validateCreateContact" time="1.756"/>
  <testcase classname="com.project.qa.testcases.HomePageTest" name="homePageTitle" time="0.011">
    <failure type="java.lang.AssertionError" message="Home Page Title Not Match expected [CRMPRO ] but found [CRMPRO]">
      <![CDATA[java.lang.AssertionError: Home Page Title Not Match expected [CRMPRO ] but found [CRMPRO]
at com.project.qa.testcases.HomePageTest.homePageTitle(HomePageTest.java:49)
at java.base/java.util.ArrayList.forEach(ArrayList.java:1511)
... Removed 42 stack frames]]>
    </failure>
  </testcase> <!-- homePageTitle -->
  <testcase classname="com.project.qa.testcases.HomePageTest" name="verifyUserNameTest" time="0.06"/>
  <testcase classname="com.project.qa.testcases.HomePageTest" name="verifyContactslinkTest" time="0.592"/>
  <testcase classname="com.project.qa.testcases.HomePageTest" name="verifyDealsslinkTest" time="0.608"/>
  <testcase classname="com.project.qa.testcases.HomePageTest" name="verifyTaskslinkTest" time="0.604"/>
  <testcase classname="com.project.qa.testcases.LoginPageTest" name="loginPageTitleTest" time="0.017"/>
  <testcase classname="com.project.qa.testcases.LoginPageTest" name="crmLogoImgTest" time="0.051"/>
  <testcase classname="com.project.qa.testcases.LoginPageTest" name="loginTest" time="3.072"/>
</testsuite> <!-- Command line test -->
