<?xml version="1.0" encoding="UTF-8"?>
<!-- Generated by org.testng.reporters.JUnitXMLReporter -->
<testsuite ignored="0" hostname="Ktex03" failures="1" tests="15" name="Free Crm Application Test Cases" time="150.156" errors="0" timestamp="2022-06-25T21:01:10 EDT">
  <testcase classname="com.project.qa.testcases.LoginPageTest" name="loginPageTitleTest" time="0.023"/>
  <testcase classname="com.project.qa.testcases.LoginPageTest" name="crmLogoImgTest" time="0.097"/>
  <testcase classname="com.project.qa.testcases.LoginPageTest" name="loginTest" time="4.335"/>
  <testcase classname="com.project.qa.testcases.HomePageTest" name="homePageTitle" time="0.014"/>
  <testcase classname="com.project.qa.testcases.HomePageTest" name="verifyUserNameTest" time="0.091"/>
  <testcase classname="com.project.qa.testcases.HomePageTest" name="verifyContactslinkTest" time="0.896"/>
  <testcase classname="com.project.qa.testcases.HomePageTest" name="verifyDealsslinkTest" time="0.622"/>
  <testcase classname="com.project.qa.testcases.HomePageTest" name="verifyTaskslinkTest" time="0.597"/>
  <testcase classname="com.project.qa.testcases.ContactsPageTest" name="verifyContactsPageLable" time="0.039"/>
  <testcase classname="com.project.qa.testcases.ContactsPageTest" name="selectSingleContactTest" time="0.093"/>
  <testcase classname="com.project.qa.testcases.ContactsPageTest" name="selectMultipleContactList" time="10.338">
    <failure type="org.openqa.selenium.NoSuchElementException" message="no such element: Unable to locate element: {&amp;quot;method&amp;quot;:&amp;quot;xpath&amp;quot;,&amp;quot;selector&amp;quot;:&amp;quot;//a[text()=&amp;apos;kc kc&amp;apos;]//parent::td[@class=&amp;apos;datalistrow&amp;apos;]//preceding-sibling::td[@class=&amp;apos;datalistrow&amp;apos;]//input[@name=&amp;apos;contact_id&amp;apos;]&amp;quot;}
  (Session info: chrome=102.0.5005.115)
For documentation on this error, please visit: https://selenium.dev/exceptions/#no_such_element
Build info: version: &amp;apos;4.2.1&amp;apos;, revision: &amp;apos;ac4d0fdd4a&amp;apos;
System info: host: &amp;apos;KTEX03&amp;apos;, ip: &amp;apos;192.168.0.193&amp;apos;, os.name: &amp;apos;Windows 10&amp;apos;, os.arch: &amp;apos;amd64&amp;apos;, os.version: &amp;apos;10.0&amp;apos;, java.version: &amp;apos;15.0.1&amp;apos;
Driver info: org.openqa.selenium.chrome.ChromeDriver
Command: [c10cb104c5ac133fa46fab5a71241865, findElement {using=xpath, value=//a[text()=&amp;apos;kc kc&amp;apos;]//parent::td[@class=&amp;apos;datalistrow&amp;apos;]//preceding-sibling::td[@class=&amp;apos;datalistrow&amp;apos;]//input[@name=&amp;apos;contact_id&amp;apos;]}]
Capabilities {acceptInsecureCerts: false, browserName: chrome, browserVersion: 102.0.5005.115, chrome: {chromedriverVersion: 102.0.5005.61 (0e59bcc00cc4..., userDataDir: C:\Users\binal\AppData\Loca...}, goog:chromeOptions: {debuggerAddress: localhost:54187}, networkConnectionEnabled: false, pageLoadStrategy: normal, platformName: WINDOWS, proxy: Proxy(), se:cdp: ws://localhost:54187/devtoo..., se:cdpVersion: 102.0.5005.115, setWindowRect: true, strictFileInteractability: false, timeouts: {implicit: 0, pageLoad: 300000, script: 30000}, unhandledPromptBehavior: dismiss and notify, webauthn:extension:credBlob: true, webauthn:extension:largeBlob: true, webauthn:virtualAuthenticators: true}
Session ID: c10cb104c5ac133fa46fab5a71241865">
      <![CDATA[org.openqa.selenium.NoSuchElementException: no such element: Unable to locate element: {"method":"xpath","selector":"//a[text()='kc kc']//parent::td[@class='datalistrow']//preceding-sibling::td[@class='datalistrow']//input[@name='contact_id']"}
  (Session info: chrome=102.0.5005.115)
For documentation on this error, please visit: https://selenium.dev/exceptions/#no_such_element
Build info: version: '4.2.1', revision: 'ac4d0fdd4a'
System info: host: 'KTEX03', ip: '192.168.0.193', os.name: 'Windows 10', os.arch: 'amd64', os.version: '10.0', java.version: '15.0.1'
Driver info: org.openqa.selenium.chrome.ChromeDriver
Command: [c10cb104c5ac133fa46fab5a71241865, findElement {using=xpath, value=//a[text()='kc kc']//parent::td[@class='datalistrow']//preceding-sibling::td[@class='datalistrow']//input[@name='contact_id']}]
Capabilities {acceptInsecureCerts: false, browserName: chrome, browserVersion: 102.0.5005.115, chrome: {chromedriverVersion: 102.0.5005.61 (0e59bcc00cc4..., userDataDir: C:\Users\binal\AppData\Loca...}, goog:chromeOptions: {debuggerAddress: localhost:54187}, networkConnectionEnabled: false, pageLoadStrategy: normal, platformName: WINDOWS, proxy: Proxy(), se:cdp: ws://localhost:54187/devtoo..., se:cdpVersion: 102.0.5005.115, setWindowRect: true, strictFileInteractability: false, timeouts: {implicit: 0, pageLoad: 300000, script: 30000}, unhandledPromptBehavior: dismiss and notify, webauthn:extension:credBlob: true, webauthn:extension:largeBlob: true, webauthn:virtualAuthenticators: true}
Session ID: c10cb104c5ac133fa46fab5a71241865
at org.openqa.selenium.remote.codec.w3c.W3CHttpResponseCodec.createException(W3CHttpResponseCodec.java:200)
at org.openqa.selenium.remote.codec.w3c.W3CHttpResponseCodec.decode(W3CHttpResponseCodec.java:133)
at org.openqa.selenium.remote.codec.w3c.W3CHttpResponseCodec.decode(W3CHttpResponseCodec.java:53)
at org.openqa.selenium.remote.HttpCommandExecutor.execute(HttpCommandExecutor.java:184)
at org.openqa.selenium.remote.service.DriverCommandExecutor.invokeExecute(DriverCommandExecutor.java:167)
at org.openqa.selenium.remote.service.DriverCommandExecutor.execute(DriverCommandExecutor.java:142)
at org.openqa.selenium.remote.RemoteWebDriver.execute(RemoteWebDriver.java:551)
at org.openqa.selenium.remote.ElementLocation$ElementFinder$2.findElement(ElementLocation.java:162)
at org.openqa.selenium.remote.ElementLocation.findElement(ElementLocation.java:60)
at org.openqa.selenium.remote.RemoteWebDriver.findElement(RemoteWebDriver.java:369)
at org.openqa.selenium.remote.RemoteWebDriver.findElement(RemoteWebDriver.java:361)
at org.openqa.selenium.support.events.EventFiringWebDriver.lambda$new$1(EventFiringWebDriver.java:115)
at com.sun.proxy.$Proxy16.findElement(Unknown Source)
at org.openqa.selenium.support.events.EventFiringWebDriver.findElement(EventFiringWebDriver.java:204)
at com.project.qa.pages.ContactsPage.selectContactsByName(ContactsPage.java:43)
at com.project.qa.testcases.ContactsPageTest.selectMultipleContactList(ContactsPageTest.java:57)
at java.base/java.util.ArrayList.forEach(ArrayList.java:1511)
... Removed 35 stack frames]]>
    </failure>
  </testcase> <!-- selectMultipleContactList -->
  <testcase classname="com.project.qa.testcases.ContactsPageTest" name="validateCreateContact" time="2.195"/>
  <testcase classname="com.project.qa.testcases.ContactsPageTest" name="validateCreateContact" time="2.045"/>
  <testcase classname="com.project.qa.testcases.ContactsPageTest" name="validateCreateContact" time="2.208"/>
  <testcase classname="com.project.qa.testcases.ContactsPageTest" name="validateCreateContact" time="1.988"/>
</testsuite> <!-- Free Crm Application Test Cases -->
