<?xml version="1.0" encoding="UTF-8" ?>
<testsuite tests="15" failures="1" name="TestSuite" time="12.679" errors="0" skipped="0">
  <properties>
    <property name="JOB_NAME" value="ProjectPOMJob"/>
    <property name="java.vendor" value="Oracle Corporation"/>
    <property name="sun.java.launcher" value="SUN_STANDARD"/>
    <property name="RUN_TESTS_DISPLAY_URL" value="http://localhost:8080/job/ProjectPOMJob/4/display/redirect?page=tests"/>
    <property name="NUMBER_OF_PROCESSORS" value="8"/>
    <property name="sun.management.compiler" value="HotSpot 64-Bit Tiered Compilers"/>
    <property name="JENKINS_HOME" value="C:\Users\binal\.jenkins"/>
    <property name="FPS_BROWSER_USER_PROFILE_STRING" value="Default"/>
    <property name="HUDSON_SERVER_COOKIE" value="098709b519d4650a"/>
    <property name="POM_ARTIFACTID" value="POM_Test"/>
    <property name="os.name" value="Windows 11"/>
    <property name="EXECUTOR_NUMBER" value="1"/>
    <property name="PATHEXT" value=".COM;.EXE;.BAT;.CMD;.VBS;.VBE;.JS;.JSE;.WSF;.WSH;.MSC"/>
    <property name="POM_DISPLAYNAME" value="POM_Test"/>
    <property name="java.vm.specification.vendor" value="Oracle Corporation"/>
    <property name="TEMP" value="C:\Users\binal\AppData\Local\Temp"/>
    <property name="NODE_LABELS" value="built-in"/>
    <property name="java.runtime.version" value="17.0.3.1+2-LTS-6"/>
    <property name="FPS_BROWSER_APP_PROFILE_STRING" value="Internet Explorer"/>
    <property name="ANT_HOME" value="C:\apache-ant-1.10.12-bin\apache-ant-1.10.12"/>
    <property name="user.name" value="binal"/>
    <property name="guice.disable.misplaced.annotation.check" value="true"/>
    <property name="CommonProgramW6432" value="C:\Program Files\Common Files"/>
    <property name="ProgramFiles" value="C:\Program Files"/>
    <property name="PROMPT" value="$P$G"/>
    <property name="user.language" value="en"/>
    <property name="JOB_BASE_NAME" value="ProjectPOMJob"/>
    <property name="RUN_CHANGES_DISPLAY_URL" value="http://localhost:8080/job/ProjectPOMJob/4/display/redirect?page=changes"/>
    <property name="BUILD_DISPLAY_NAME" value="#4"/>
    <property name="OneDrive" value="C:\Users\binal\OneDrive"/>
    <property name="sun.boot.library.path" value="C:\Program Files\Java\jdk-17.0.3.1\bin"/>
    <property name="java.vm.compressedOopsMode" value="Zero based"/>
    <property name="LOCALAPPDATA" value="C:\Users\binal\AppData\Local"/>
    <property name="java.version" value="17.0.3.1"/>
    <property name="user.timezone" value="America/Toronto"/>
    <property name="PROCESSOR_LEVEL" value="6"/>
    <property name="USERNAME" value="binal"/>
    <property name="sun.arch.data.model" value="64"/>
    <property name="NODE_NAME" value="built-in"/>
    <property name="BUILD_ID" value="4"/>
    <property name="sun.cpu.isalist" value="amd64"/>
    <property name="sun.jnu.encoding" value="Cp1252"/>
    <property name="maven.conf" value="C:\apache-maven-3.8.5\conf"/>
    <property name="HOMEDRIVE" value="C:"/>
    <property name="file.separator" value="\"/>
    <property name="java.specification.name" value="Java Platform API Specification"/>
    <property name="java.class.version" value="61.0"/>
    <property name="=::" value="::\"/>
    <property name="org.slf4j.simpleLogger.defaultLogLevel" value="info"/>
    <property name="user.country" value="CA"/>
    <property name="ALLUSERSPROFILE" value="C:\ProgramData"/>
    <property name="java.home" value="C:\Program Files\Java\jdk-17.0.3.1"/>
    <property name="java.vm.info" value="mixed mode, sharing"/>
    <property name="os.version" value="10.0"/>
    <property name="=ExitCode" value="00000082"/>
    <property name="RUN_DISPLAY_URL" value="http://localhost:8080/job/ProjectPOMJob/4/display/redirect"/>
    <property name="POM_VERSION" value="0.0.1-SNAPSHOT"/>
    <property name="TMP" value="C:\Users\binal\AppData\Local\Temp"/>
    <property name="path.separator" value=";"/>
    <property name="RUN_ARTIFACTS_DISPLAY_URL" value="http://localhost:8080/job/ProjectPOMJob/4/display/redirect?page=artifacts"/>
    <property name="java.vm.version" value="17.0.3.1+2-LTS-6"/>
    <property name="user.variant" value=""/>
    <property name="CommonProgramFiles(x86)" value="C:\Program Files (x86)\Common Files"/>
    <property name="JOB_DISPLAY_URL" value="http://localhost:8080/job/ProjectPOMJob/display/redirect"/>
    <property name="USERDOMAIN_ROAMINGPROFILE" value="KTEX03"/>
    <property name="CommonProgramFiles" value="C:\Program Files\Common Files"/>
    <property name="sun.io.unicode.encoding" value="UnicodeLittle"/>
    <property name="JAVA_HOME" value="C:\Program Files\Java\jdk-17.0.3.1"/>
    <property name="ComSpec" value="C:\Windows\system32\cmd.exe"/>
    <property name="HOMEPATH" value="\Users\binal"/>
    <property name="POM_PACKAGING" value="jar"/>
    <property name="COMPUTERNAME" value="KTEX03"/>
    <property name="user.script" value=""/>
    <property name="POM_GROUPID" value="POM_Test_Automation"/>
    <property name="user.home" value="C:\Users\binal"/>
    <property name="PUBLIC" value="C:\Users\Public"/>
    <property name="BUILD_TAG" value="jenkins-ProjectPOMJob-4"/>
    <property name="JENKINS_SERVER_COOKIE" value="098709b519d4650a"/>
    <property name="HUDSON_URL" value="http://localhost:8080/"/>
    <property name="ProgramData" value="C:\ProgramData"/>
    <property name="java.version.date" value="2022-04-22"/>
    <property name="java.specification.vendor" value="Oracle Corporation"/>
    <property name="USERPROFILE" value="C:\Users\binal"/>
    <property name="CLASSPATH" value=""/>
    <property name="java.library.path" value="C:\Program Files\Java\jdk-17.0.3.1\bin;C:\Windows\Sun\Java\bin;C:\Windows\system32;C:\Windows;C:\apache-maven-3.8.5/bin;C:\Program Files\Java\jdk-17.0.3.1/bin;C:\Program Files\Java\jdk-17.0.3.1/bin;C:\Windows\system32;C:\Windows;C:\Windows\System32\Wbem;C:\Windows\System32\WindowsPowerShell\v1.0\;C:\Windows\System32\OpenSSH\;C:\Program Files\dotnet\;C:\apache-ant-1.10.12-bin\apache-ant-1.10.12\bin;C:\apache-maven-3.8.5\bin;C:\Program Files\nodejs\;C:\Program Files\Microsoft SQL Server\Client SDK\ODBC\170\Tools\Binn\;C:\Program Files (x86)\Microsoft SQL Server\150\Tools\Binn\;C:\Program Files\Microsoft SQL Server\150\Tools\Binn\;C:\Program Files\Microsoft SQL Server\150\DTS\Binn\;C:\Program Files\nodejs;C:\Program Files\Git\cmd;C:\Program Files\Git\bin;C:\Program Files\Azure Data Studio\bin;C:\Program Files (x86)\Microsoft SQL Server\150\DTS\Binn\;C:\Program Files\Java\jdk-17.0.3.1\bin;C:\Users\binal\AppData\Local\Microsoft\WindowsApps;C:\Users\binal\AppData\Roaming\npm;C:\Program Files\Azure Data Studio\bin;."/>
    <property name="java.vendor.url" value="https://java.oracle.com/"/>
    <property name="java.vm.vendor" value="Oracle Corporation"/>
    <property name="APPDATA" value="C:\Users\binal\AppData\Roaming"/>
    <property name="ZES_ENABLE_SYSMAN" value="1"/>
    <property name="java.runtime.name" value="Java(TM) SE Runtime Environment"/>
    <property name="maven.home" value="C:\apache-maven-3.8.5"/>
    <property name="java.class.path" value="C:\Users\binal\.jenkins\plugins\maven-plugin\WEB-INF\lib\maven35-agent-1.13.jar;C:\apache-maven-3.8.5\boot\plexus-classworlds-2.6.0.jar;C:\apache-maven-3.8.5/conf/logging"/>
    <property name="sun.java.command" value="jenkins.maven3.agent.Maven35Main C:\apache-maven-3.8.5 C:\Users\binal\.jenkins\war\WEB-INF\lib\remoting-3025.vf64a_a_3da_6b_55.jar C:\Users\binal\.jenkins\plugins\maven-plugin\WEB-INF\lib\maven35-interceptor-1.13.jar C:\Users\binal\.jenkins\plugins\maven-plugin\WEB-INF\lib\maven3-interceptor-commons-1.13.jar 60464"/>
    <property name="native.encoding" value="Cp1252"/>
    <property name="Path" value="C:\Program Files\Java\jdk-17.0.3.1/bin;C:\Windows\system32;C:\Windows;C:\Windows\System32\Wbem;C:\Windows\System32\WindowsPowerShell\v1.0\;C:\Windows\System32\OpenSSH\;C:\Program Files\dotnet\;C:\apache-ant-1.10.12-bin\apache-ant-1.10.12\bin;C:\apache-maven-3.8.5\bin;C:\Program Files\nodejs\;C:\Program Files\Microsoft SQL Server\Client SDK\ODBC\170\Tools\Binn\;C:\Program Files (x86)\Microsoft SQL Server\150\Tools\Binn\;C:\Program Files\Microsoft SQL Server\150\Tools\Binn\;C:\Program Files\Microsoft SQL Server\150\DTS\Binn\;C:\Program Files\nodejs;C:\Program Files\Git\cmd;C:\Program Files\Git\bin;C:\Program Files\Azure Data Studio\bin;C:\Program Files (x86)\Microsoft SQL Server\150\DTS\Binn\;C:\Program Files\Java\jdk-17.0.3.1\bin;C:\Users\binal\AppData\Local\Microsoft\WindowsApps;C:\Users\binal\AppData\Roaming\npm;C:\Program Files\Azure Data Studio\bin"/>
    <property name="jdk.debug" value="release"/>
    <property name="PROCESSOR_ARCHITECTURE" value="AMD64"/>
    <property name="java.vm.specification.name" value="Java Virtual Machine Specification"/>
    <property name="jansi.mode" value="strip"/>
    <property name="PATH+JDK" value="C:\Program Files\Java\jdk-17.0.3.1/bin"/>
    <property name="SESSIONNAME" value="Console"/>
    <property name="PROCESSOR_IDENTIFIER" value="Intel64 Family 6 Model 140 Stepping 1, GenuineIntel"/>
    <property name="java.vm.specification.version" value="17"/>
    <property name="M2_HOME" value="C:\apache-maven-3.8.5"/>
    <property name="sun.cpu.endian" value="little"/>
    <property name="sun.os.patch.level" value=""/>
    <property name="OS" value="Windows_NT"/>
    <property name="CI" value="true"/>
    <property name="java.io.tmpdir" value="C:\Users\binal\AppData\Local\Temp\"/>
    <property name="HUDSON_HOME" value="C:\Users\binal\.jenkins"/>
    <property name="PATH+MAVEN" value="C:\apache-maven-3.8.5/bin"/>
    <property name="ProgramFiles(x86)" value="C:\Program Files (x86)"/>
    <property name="java.vendor.url.bug" value="https://bugreport.java.com/bugreport/"/>
    <property name="BUILD_URL" value="http://localhost:8080/job/ProjectPOMJob/4/"/>
    <property name="MAVEN_OPTS" value=""/>
    <property name="SystemRoot" value="C:\Windows"/>
    <property name="os.arch" value="amd64"/>
    <property name="user.dir" value="C:\Selenium_WorkSpace\POM_Test"/>
    <property name="JOB_URL" value="http://localhost:8080/job/ProjectPOMJob/"/>
    <property name="LOGONSERVER" value="\\KTEX03"/>
    <property name="USERDOMAIN" value="KTEX03"/>
    <property name="MAVEN_HOME" value="C:\apache-maven-3.8.5"/>
    <property name="line.separator" value="
"/>
    <property name="java.vm.name" value="Java HotSpot(TM) 64-Bit Server VM"/>
    <property name="BUILD_NUMBER" value="4"/>
    <property name="PROCESSOR_REVISION" value="8c01"/>
    <property name="JENKINS_URL" value="http://localhost:8080/"/>
    <property name="ProgramW6432" value="C:\Program Files"/>
    <property name="windir" value="C:\Windows"/>
    <property name="=C:" value="C:\jenkins"/>
    <property name="GIT_HOME" value="C:\Program Files\Git"/>
    <property name="file.encoding" value="Cp1252"/>
    <property name="SystemDrive" value="C:"/>
    <property name="maven3.interceptor" value="C:\Users\binal\.jenkins\plugins\maven-plugin\WEB-INF\lib\maven35-interceptor-1.13.jar"/>
    <property name="WORKSPACE_TMP" value="C:\Users\binal\.jenkins\workspace\ProjectPOMJob@tmp"/>
    <property name="WORKSPACE" value="C:\Users\binal\.jenkins\workspace\ProjectPOMJob"/>
    <property name="maven3.interceptor.common" value="C:\Users\binal\.jenkins\plugins\maven-plugin\WEB-INF\lib\maven3-interceptor-commons-1.13.jar"/>
    <property name="PSModulePath" value="C:\Program Files\WindowsPowerShell\Modules;C:\Windows\system32\WindowsPowerShell\v1.0\Modules;C:\Program Files (x86)\Microsoft SQL Server\150\Tools\PowerShell\Modules\"/>
    <property name="java.specification.version" value="17"/>
    <property name="DriverData" value="C:\Windows\System32\Drivers\DriverData"/>
  </properties>
  <testcase classname="com.project.qa.testcases.ContactsPageTest" name="verifyContactsPageLable" time="0.055"/>
  <testcase classname="com.project.qa.testcases.ContactsPageTest" name="selectSingleContactTest" time="0.085"/>
  <testcase classname="com.project.qa.testcases.ContactsPageTest" name="selectMultipleContactList" time="0.146"/>
  <testcase classname="com.project.qa.testcases.ContactsPageTest" name="validateCreateContact" time="2.047"/>
  <testcase classname="com.project.qa.testcases.ContactsPageTest" name="validateCreateContact" time="1.775"/>
  <testcase classname="com.project.qa.testcases.ContactsPageTest" name="validateCreateContact" time="1.793"/>
  <testcase classname="com.project.qa.testcases.ContactsPageTest" name="validateCreateContact" time="1.756"/>
  <testcase classname="com.project.qa.testcases.HomePageTest" name="homePageTitle" time="0.015">
    <failure message="Home Page Title Not Match expected [CRMPRO ] but found [CRMPRO]" type="java.lang.AssertionError">java.lang.AssertionError: Home Page Title Not Match expected [CRMPRO ] but found [CRMPRO]
	at org.testng.Assert.fail(Assert.java:110)
	at org.testng.Assert.failNotEquals(Assert.java:1413)
	at org.testng.Assert.assertEqualsImpl(Assert.java:149)
	at org.testng.Assert.assertEquals(Assert.java:131)
	at org.testng.Assert.assertEquals(Assert.java:655)
	at com.project.qa.testcases.HomePageTest.homePageTitle(HomePageTest.java:49)
</failure>
    <system-out>Before navigating to: &apos;https://classic.crmpro.com/index.html&apos;
Navigated to:&apos;https://classic.crmpro.com/index.html&apos;
Trying to find Element By : By.name: username
Found Element By : By.name: username
Trying to find Element By : By.name: password
Found Element By : By.name: password
Trying to find Element By : By.xpath: //input[@type = &apos;submit&apos;]
Found Element By : By.xpath: //input[@type = &apos;submit&apos;]
Trying to click on: [[ChromeDriver: chrome on WINDOWS (d3f607acdd34f02b8bfcc96f15f8e490)] -&gt; xpath: //input[@type = &apos;submit&apos;]]
Clicked on: [[ChromeDriver: chrome on WINDOWS (d3f607acdd34f02b8bfcc96f15f8e490)] -&gt; xpath: //input[@type = &apos;submit&apos;]]
</system-out>
    <system-err>Starting ChromeDriver 102.0.5005.61 (0e59bcc00cc4985ce39ad31c150065f159d95ad3-refs/branch-heads/5005@{#819}) on port 57627
Only local connections are allowed.
Please see https://chromedriver.chromium.org/security-considerations for suggestions on keeping ChromeDriver safe.
ChromeDriver was started successfully.
Jun. 11, 2022 12:23:50 P.M. org.openqa.selenium.remote.ProtocolHandshake createSession
INFO: Detected upstream dialect: W3C
Jun. 11, 2022 12:23:50 P.M. org.openqa.selenium.devtools.CdpVersionFinder findNearestMatch
INFO: Found exact CDP implementation for version 102
</system-err>
  </testcase>
  <testcase classname="com.project.qa.testcases.HomePageTest" name="verifyUserNameTest" time="0.059"/>
  <testcase classname="com.project.qa.testcases.HomePageTest" name="verifyContactslinkTest" time="0.594"/>
  <testcase classname="com.project.qa.testcases.HomePageTest" name="verifyDealsslinkTest" time="0.607"/>
  <testcase classname="com.project.qa.testcases.HomePageTest" name="verifyTaskslinkTest" time="0.606"/>
  <testcase classname="com.project.qa.testcases.LoginPageTest" name="loginPageTitleTest" time="0.017"/>
  <testcase classname="com.project.qa.testcases.LoginPageTest" name="crmLogoImgTest" time="0.052"/>
  <testcase classname="com.project.qa.testcases.LoginPageTest" name="loginTest" time="3.072"/>
</testsuite>