<?xml version="1.0" encoding="UTF-8"?>
<testng-results ignored="0" total="15" passed="14" failed="1" skipped="0">
  <reporter-output>
  </reporter-output>
  <suite started-at="2022-06-11T12:22:34 EDT" name="Command line suite" finished-at="2022-06-11T12:24:31 EDT" duration-ms="117442">
    <groups>
    </groups>
    <test started-at="2022-06-11T12:22:34 EDT" name="Command line test" finished-at="2022-06-11T12:24:31 EDT" duration-ms="117442">
      <class name="com.project.qa.testcases.ContactsPageTest">
        <test-method is-config="true" signature="setUp()[pri:0, instance:com.project.qa.testcases.ContactsPageTest@1d548a08]" started-at="2022-06-11T12:22:34 EDT" name="setUp" finished-at="2022-06-11T12:22:46 EDT" duration-ms="12251" status="PASS">
          <reporter-output>
          </reporter-output>
        </test-method> <!-- setUp -->
        <test-method signature="verifyContactsPageLable()[pri:1, instance:com.project.qa.testcases.ContactsPageTest@1d548a08]" started-at="2022-06-11T12:22:46 EDT" name="verifyContactsPageLable" finished-at="2022-06-11T12:22:46 EDT" duration-ms="58" status="PASS">
          <reporter-output>
          </reporter-output>
        </test-method> <!-- verifyContactsPageLable -->
        <test-method is-config="true" signature="tearDown()[pri:0, instance:com.project.qa.testcases.ContactsPageTest@1d548a08]" started-at="2022-06-11T12:22:46 EDT" name="tearDown" finished-at="2022-06-11T12:22:47 EDT" duration-ms="251" status="PASS">
          <reporter-output>
          </reporter-output>
        </test-method> <!-- tearDown -->
        <test-method is-config="true" signature="setUp()[pri:0, instance:com.project.qa.testcases.ContactsPageTest@1d548a08]" started-at="2022-06-11T12:22:47 EDT" name="setUp" finished-at="2022-06-11T12:22:55 EDT" duration-ms="8679" status="PASS">
          <reporter-output>
          </reporter-output>
        </test-method> <!-- setUp -->
        <test-method signature="selectSingleContactTest()[pri:2, instance:com.project.qa.testcases.ContactsPageTest@1d548a08]" started-at="2022-06-11T12:22:55 EDT" name="selectSingleContactTest" finished-at="2022-06-11T12:22:55 EDT" duration-ms="84" status="PASS">
          <reporter-output>
          </reporter-output>
        </test-method> <!-- selectSingleContactTest -->
        <test-method is-config="true" signature="tearDown()[pri:0, instance:com.project.qa.testcases.ContactsPageTest@1d548a08]" started-at="2022-06-11T12:22:55 EDT" name="tearDown" finished-at="2022-06-11T12:22:56 EDT" duration-ms="246" status="PASS">
          <reporter-output>
          </reporter-output>
        </test-method> <!-- tearDown -->
        <test-method is-config="true" signature="setUp()[pri:0, instance:com.project.qa.testcases.ContactsPageTest@1d548a08]" started-at="2022-06-11T12:22:56 EDT" name="setUp" finished-at="2022-06-11T12:23:04 EDT" duration-ms="8808" status="PASS">
          <reporter-output>
          </reporter-output>
        </test-method> <!-- setUp -->
        <test-method signature="selectMultipleContactList()[pri:3, instance:com.project.qa.testcases.ContactsPageTest@1d548a08]" started-at="2022-06-11T12:23:04 EDT" name="selectMultipleContactList" finished-at="2022-06-11T12:23:05 EDT" duration-ms="147" status="PASS">
          <reporter-output>
          </reporter-output>
        </test-method> <!-- selectMultipleContactList -->
        <test-method is-config="true" signature="tearDown()[pri:0, instance:com.project.qa.testcases.ContactsPageTest@1d548a08]" started-at="2022-06-11T12:23:05 EDT" name="tearDown" finished-at="2022-06-11T12:23:05 EDT" duration-ms="237" status="PASS">
          <reporter-output>
          </reporter-output>
        </test-method> <!-- tearDown -->
        <test-method is-config="true" signature="setUp()[pri:0, instance:com.project.qa.testcases.ContactsPageTest@1d548a08]" started-at="2022-06-11T12:23:05 EDT" name="setUp" finished-at="2022-06-11T12:23:14 EDT" duration-ms="8581" status="PASS">
          <reporter-output>
          </reporter-output>
        </test-method> <!-- setUp -->
        <test-method signature="validateCreateContact(java.lang.String,java.lang.String,java.lang.String,java.lang.String)[pri:4, instance:com.project.qa.testcases.ContactsPageTest@1d548a08]" started-at="2022-06-11T12:23:14 EDT" name="validateCreateContact" data-provider="getCRMTestData" finished-at="2022-06-11T12:23:16 EDT" duration-ms="2048" status="PASS">
          <params>
            <param index="0">
              <value>
                <![CDATA[Mr.]]>
              </value>
            </param>
            <param index="1">
              <value>
                <![CDATA[ken]]>
              </value>
            </param>
            <param index="2">
              <value>
                <![CDATA[caz]]>
              </value>
            </param>
            <param index="3">
              <value>
                <![CDATA[google]]>
              </value>
            </param>
          </params>
          <reporter-output>
          </reporter-output>
        </test-method> <!-- validateCreateContact -->
        <test-method is-config="true" signature="tearDown()[pri:0, instance:com.project.qa.testcases.ContactsPageTest@1d548a08]" started-at="2022-06-11T12:23:16 EDT" name="tearDown" finished-at="2022-06-11T12:23:16 EDT" duration-ms="266" status="PASS">
          <reporter-output>
          </reporter-output>
        </test-method> <!-- tearDown -->
        <test-method is-config="true" signature="setUp()[pri:0, instance:com.project.qa.testcases.ContactsPageTest@1d548a08]" started-at="2022-06-11T12:23:16 EDT" name="setUp" finished-at="2022-06-11T12:23:26 EDT" duration-ms="9362" status="PASS">
          <reporter-output>
          </reporter-output>
        </test-method> <!-- setUp -->
        <test-method signature="validateCreateContact(java.lang.String,java.lang.String,java.lang.String,java.lang.String)[pri:4, instance:com.project.qa.testcases.ContactsPageTest@1d548a08]" started-at="2022-06-11T12:23:26 EDT" name="validateCreateContact" data-provider="getCRMTestData" finished-at="2022-06-11T12:23:27 EDT" duration-ms="1776" status="PASS">
          <params>
            <param index="0">
              <value>
                <![CDATA[Dr.]]>
              </value>
            </param>
            <param index="1">
              <value>
                <![CDATA[anu]]>
              </value>
            </param>
            <param index="2">
              <value>
                <![CDATA[patel]]>
              </value>
            </param>
            <param index="3">
              <value>
                <![CDATA[amazon]]>
              </value>
            </param>
          </params>
          <reporter-output>
          </reporter-output>
        </test-method> <!-- validateCreateContact -->
        <test-method is-config="true" signature="tearDown()[pri:0, instance:com.project.qa.testcases.ContactsPageTest@1d548a08]" started-at="2022-06-11T12:23:27 EDT" name="tearDown" finished-at="2022-06-11T12:23:28 EDT" duration-ms="191" status="PASS">
          <reporter-output>
          </reporter-output>
        </test-method> <!-- tearDown -->
        <test-method is-config="true" signature="setUp()[pri:0, instance:com.project.qa.testcases.ContactsPageTest@1d548a08]" started-at="2022-06-11T12:23:28 EDT" name="setUp" finished-at="2022-06-11T12:23:36 EDT" duration-ms="8476" status="PASS">
          <reporter-output>
          </reporter-output>
        </test-method> <!-- setUp -->
        <test-method signature="validateCreateContact(java.lang.String,java.lang.String,java.lang.String,java.lang.String)[pri:4, instance:com.project.qa.testcases.ContactsPageTest@1d548a08]" started-at="2022-06-11T12:23:36 EDT" name="validateCreateContact" data-provider="getCRMTestData" finished-at="2022-06-11T12:23:38 EDT" duration-ms="1793" status="PASS">
          <params>
            <param index="0">
              <value>
                <![CDATA[Mrs.]]>
              </value>
            </param>
            <param index="1">
              <value>
                <![CDATA[hit]]>
              </value>
            </param>
            <param index="2">
              <value>
                <![CDATA[castillo]]>
              </value>
            </param>
            <param index="3">
              <value>
                <![CDATA[tata]]>
              </value>
            </param>
          </params>
          <reporter-output>
          </reporter-output>
        </test-method> <!-- validateCreateContact -->
        <test-method is-config="true" signature="tearDown()[pri:0, instance:com.project.qa.testcases.ContactsPageTest@1d548a08]" started-at="2022-06-11T12:23:38 EDT" name="tearDown" finished-at="2022-06-11T12:23:38 EDT" duration-ms="193" status="PASS">
          <reporter-output>
          </reporter-output>
        </test-method> <!-- tearDown -->
        <test-method is-config="true" signature="setUp()[pri:0, instance:com.project.qa.testcases.ContactsPageTest@1d548a08]" started-at="2022-06-11T12:23:38 EDT" name="setUp" finished-at="2022-06-11T12:23:47 EDT" duration-ms="8598" status="PASS">
          <reporter-output>
          </reporter-output>
        </test-method> <!-- setUp -->
        <test-method signature="validateCreateContact(java.lang.String,java.lang.String,java.lang.String,java.lang.String)[pri:4, instance:com.project.qa.testcases.ContactsPageTest@1d548a08]" started-at="2022-06-11T12:23:47 EDT" name="validateCreateContact" data-provider="getCRMTestData" finished-at="2022-06-11T12:23:48 EDT" duration-ms="1756" status="PASS">
          <params>
            <param index="0">
              <value>
                <![CDATA[Miss]]>
              </value>
            </param>
            <param index="1">
              <value>
                <![CDATA[binu]]>
              </value>
            </param>
            <param index="2">
              <value>
                <![CDATA[patel]]>
              </value>
            </param>
            <param index="3">
              <value>
                <![CDATA[ct]]>
              </value>
            </param>
          </params>
          <reporter-output>
          </reporter-output>
        </test-method> <!-- validateCreateContact -->
        <test-method is-config="true" signature="tearDown()[pri:0, instance:com.project.qa.testcases.ContactsPageTest@1d548a08]" started-at="2022-06-11T12:23:48 EDT" name="tearDown" finished-at="2022-06-11T12:23:49 EDT" duration-ms="260" status="PASS">
          <reporter-output>
          </reporter-output>
        </test-method> <!-- tearDown -->
      </class> <!-- com.project.qa.testcases.ContactsPageTest -->
      <class name="com.project.qa.testcases.HomePageTest">
        <test-method is-config="true" signature="setUp()[pri:0, instance:com.project.qa.testcases.HomePageTest@3bd40a57]" started-at="2022-06-11T12:23:49 EDT" name="setUp" finished-at="2022-06-11T12:23:54 EDT" duration-ms="5803" status="PASS">
          <reporter-output>
          </reporter-output>
        </test-method> <!-- setUp -->
        <test-method signature="homePageTitle()[pri:1, instance:com.project.qa.testcases.HomePageTest@3bd40a57]" started-at="2022-06-11T12:23:54 EDT" name="homePageTitle" finished-at="2022-06-11T12:23:54 EDT" duration-ms="11" status="FAIL">
          <exception class="java.lang.AssertionError">
            <message>
              <![CDATA[Home Page Title Not Match expected [CRMPRO ] but found [CRMPRO]]]>
            </message>
            <full-stacktrace>
              <![CDATA[java.lang.AssertionError: Home Page Title Not Match expected [CRMPRO ] but found [CRMPRO]
at org.testng.Assert.fail(Assert.java:110)
at org.testng.Assert.failNotEquals(Assert.java:1413)
at org.testng.Assert.assertEqualsImpl(Assert.java:149)
at org.testng.Assert.assertEquals(Assert.java:131)
at org.testng.Assert.assertEquals(Assert.java:655)
at com.project.qa.testcases.HomePageTest.homePageTitle(HomePageTest.java:49)
at java.base/jdk.internal.reflect.NativeMethodAccessorImpl.invoke0(Native Method)
at java.base/jdk.internal.reflect.NativeMethodAccessorImpl.invoke(NativeMethodAccessorImpl.java:77)
at java.base/jdk.internal.reflect.DelegatingMethodAccessorImpl.invoke(DelegatingMethodAccessorImpl.java:43)
at java.base/java.lang.reflect.Method.invoke(Method.java:568)
at org.testng.internal.invokers.MethodInvocationHelper.invokeMethod(MethodInvocationHelper.java:139)
at org.testng.internal.invokers.TestInvoker.invokeMethod(TestInvoker.java:677)
at org.testng.internal.invokers.TestInvoker.invokeTestMethod(TestInvoker.java:221)
at org.testng.internal.invokers.MethodRunner.runInSequence(MethodRunner.java:50)
at org.testng.internal.invokers.TestInvoker$MethodInvocationAgent.invoke(TestInvoker.java:962)
at org.testng.internal.invokers.TestInvoker.invokeTestMethods(TestInvoker.java:194)
at org.testng.internal.invokers.TestMethodWorker.invokeTestMethods(TestMethodWorker.java:148)
at org.testng.internal.invokers.TestMethodWorker.run(TestMethodWorker.java:128)
at java.base/java.util.ArrayList.forEach(ArrayList.java:1511)
at org.testng.TestRunner.privateRun(TestRunner.java:806)
at org.testng.TestRunner.run(TestRunner.java:601)
at org.testng.SuiteRunner.runTest(SuiteRunner.java:433)
at org.testng.SuiteRunner.runSequentially(SuiteRunner.java:427)
at org.testng.SuiteRunner.privateRun(SuiteRunner.java:387)
at org.testng.SuiteRunner.run(SuiteRunner.java:330)
at org.testng.SuiteRunnerWorker.runSuite(SuiteRunnerWorker.java:52)
at org.testng.SuiteRunnerWorker.run(SuiteRunnerWorker.java:95)
at org.testng.TestNG.runSuitesSequentially(TestNG.java:1256)
at org.testng.TestNG.runSuitesLocally(TestNG.java:1176)
at org.testng.TestNG.runSuites(TestNG.java:1099)
at org.testng.TestNG.run(TestNG.java:1067)
at org.apache.maven.surefire.testng.TestNGExecutor.run(TestNGExecutor.java:77)
at org.apache.maven.surefire.testng.TestNGDirectoryTestSuite.executeMulti(TestNGDirectoryTestSuite.java:159)
at org.apache.maven.surefire.testng.TestNGDirectoryTestSuite.execute(TestNGDirectoryTestSuite.java:99)
at org.apache.maven.surefire.testng.TestNGProvider.invoke(TestNGProvider.java:106)
at java.base/jdk.internal.reflect.NativeMethodAccessorImpl.invoke0(Native Method)
at java.base/jdk.internal.reflect.NativeMethodAccessorImpl.invoke(NativeMethodAccessorImpl.java:77)
at java.base/jdk.internal.reflect.DelegatingMethodAccessorImpl.invoke(DelegatingMethodAccessorImpl.java:43)
at java.base/java.lang.reflect.Method.invoke(Method.java:568)
at org.apache.maven.surefire.util.ReflectionUtils.invokeMethodWithArray(ReflectionUtils.java:189)
at org.apache.maven.surefire.booter.ProviderFactory$ProviderProxy.invoke(ProviderFactory.java:165)
at org.apache.maven.surefire.booter.ProviderFactory.invokeProvider(ProviderFactory.java:85)
at org.apache.maven.surefire.booter.ForkedBooter.runSuitesInProcess(ForkedBooter.java:115)
at org.apache.maven.surefire.booter.ForkedBooter.main(ForkedBooter.java:75)
]]>
            </full-stacktrace>
          </exception> <!-- java.lang.AssertionError -->
          <reporter-output>
          </reporter-output>
        </test-method> <!-- homePageTitle -->
        <test-method is-config="true" signature="tearDown()[pri:0, instance:com.project.qa.testcases.HomePageTest@3bd40a57]" started-at="2022-06-11T12:23:54 EDT" name="tearDown" finished-at="2022-06-11T12:23:55 EDT" duration-ms="245" status="PASS">
          <reporter-output>
          </reporter-output>
        </test-method> <!-- tearDown -->
        <test-method is-config="true" signature="setUp()[pri:0, instance:com.project.qa.testcases.HomePageTest@3bd40a57]" started-at="2022-06-11T12:23:55 EDT" name="setUp" finished-at="2022-06-11T12:24:00 EDT" duration-ms="5522" status="PASS">
          <reporter-output>
          </reporter-output>
        </test-method> <!-- setUp -->
        <test-method signature="verifyUserNameTest()[pri:2, instance:com.project.qa.testcases.HomePageTest@3bd40a57]" started-at="2022-06-11T12:24:00 EDT" name="verifyUserNameTest" finished-at="2022-06-11T12:24:00 EDT" duration-ms="60" status="PASS">
          <reporter-output>
          </reporter-output>
        </test-method> <!-- verifyUserNameTest -->
        <test-method is-config="true" signature="tearDown()[pri:0, instance:com.project.qa.testcases.HomePageTest@3bd40a57]" started-at="2022-06-11T12:24:00 EDT" name="tearDown" finished-at="2022-06-11T12:24:00 EDT" duration-ms="160" status="PASS">
          <reporter-output>
          </reporter-output>
        </test-method> <!-- tearDown -->
        <test-method is-config="true" signature="setUp()[pri:0, instance:com.project.qa.testcases.HomePageTest@3bd40a57]" started-at="2022-06-11T12:24:00 EDT" name="setUp" finished-at="2022-06-11T12:24:06 EDT" duration-ms="5803" status="PASS">
          <reporter-output>
          </reporter-output>
        </test-method> <!-- setUp -->
        <test-method signature="verifyContactslinkTest()[pri:3, instance:com.project.qa.testcases.HomePageTest@3bd40a57]" started-at="2022-06-11T12:24:06 EDT" name="verifyContactslinkTest" finished-at="2022-06-11T12:24:07 EDT" duration-ms="592" status="PASS">
          <reporter-output>
          </reporter-output>
        </test-method> <!-- verifyContactslinkTest -->
        <test-method is-config="true" signature="tearDown()[pri:0, instance:com.project.qa.testcases.HomePageTest@3bd40a57]" started-at="2022-06-11T12:24:07 EDT" name="tearDown" finished-at="2022-06-11T12:24:07 EDT" duration-ms="188" status="PASS">
          <reporter-output>
          </reporter-output>
        </test-method> <!-- tearDown -->
        <test-method is-config="true" signature="setUp()[pri:0, instance:com.project.qa.testcases.HomePageTest@3bd40a57]" started-at="2022-06-11T12:24:07 EDT" name="setUp" finished-at="2022-06-11T12:24:13 EDT" duration-ms="5646" status="PASS">
          <reporter-output>
          </reporter-output>
        </test-method> <!-- setUp -->
        <test-method signature="verifyDealsslinkTest()[pri:3, instance:com.project.qa.testcases.HomePageTest@3bd40a57]" started-at="2022-06-11T12:24:13 EDT" name="verifyDealsslinkTest" finished-at="2022-06-11T12:24:13 EDT" duration-ms="608" status="PASS">
          <reporter-output>
          </reporter-output>
        </test-method> <!-- verifyDealsslinkTest -->
        <test-method is-config="true" signature="tearDown()[pri:0, instance:com.project.qa.testcases.HomePageTest@3bd40a57]" started-at="2022-06-11T12:24:13 EDT" name="tearDown" finished-at="2022-06-11T12:24:14 EDT" duration-ms="225" status="PASS">
          <reporter-output>
          </reporter-output>
        </test-method> <!-- tearDown -->
        <test-method is-config="true" signature="setUp()[pri:0, instance:com.project.qa.testcases.HomePageTest@3bd40a57]" started-at="2022-06-11T12:24:14 EDT" name="setUp" finished-at="2022-06-11T12:24:19 EDT" duration-ms="5834" status="PASS">
          <reporter-output>
          </reporter-output>
        </test-method> <!-- setUp -->
        <test-method signature="verifyTaskslinkTest()[pri:3, instance:com.project.qa.testcases.HomePageTest@3bd40a57]" started-at="2022-06-11T12:24:19 EDT" name="verifyTaskslinkTest" finished-at="2022-06-11T12:24:20 EDT" duration-ms="604" status="PASS">
          <reporter-output>
          </reporter-output>
        </test-method> <!-- verifyTaskslinkTest -->
        <test-method is-config="true" signature="tearDown()[pri:0, instance:com.project.qa.testcases.HomePageTest@3bd40a57]" started-at="2022-06-11T12:24:20 EDT" name="tearDown" finished-at="2022-06-11T12:24:20 EDT" duration-ms="178" status="PASS">
          <reporter-output>
          </reporter-output>
        </test-method> <!-- tearDown -->
      </class> <!-- com.project.qa.testcases.HomePageTest -->
      <class name="com.project.qa.testcases.LoginPageTest">
        <test-method is-config="true" signature="setUp()[pri:0, instance:com.project.qa.testcases.LoginPageTest@fdefd3f]" started-at="2022-06-11T12:24:20 EDT" name="setUp" finished-at="2022-06-11T12:24:23 EDT" duration-ms="2724" status="PASS">
          <reporter-output>
          </reporter-output>
        </test-method> <!-- setUp -->
        <test-method signature="loginPageTitleTest()[pri:1, instance:com.project.qa.testcases.LoginPageTest@fdefd3f]" started-at="2022-06-11T12:24:23 EDT" name="loginPageTitleTest" finished-at="2022-06-11T12:24:23 EDT" duration-ms="17" status="PASS">
          <reporter-output>
          </reporter-output>
        </test-method> <!-- loginPageTitleTest -->
        <test-method is-config="true" signature="tearDown()[pri:0, instance:com.project.qa.testcases.LoginPageTest@fdefd3f]" started-at="2022-06-11T12:24:23 EDT" name="tearDown" finished-at="2022-06-11T12:24:23 EDT" duration-ms="189" status="PASS">
          <reporter-output>
          </reporter-output>
        </test-method> <!-- tearDown -->
        <test-method is-config="true" signature="setUp()[pri:0, instance:com.project.qa.testcases.LoginPageTest@fdefd3f]" started-at="2022-06-11T12:24:23 EDT" name="setUp" finished-at="2022-06-11T12:24:26 EDT" duration-ms="2411" status="PASS">
          <reporter-output>
          </reporter-output>
        </test-method> <!-- setUp -->
        <test-method signature="crmLogoImgTest()[pri:2, instance:com.project.qa.testcases.LoginPageTest@fdefd3f]" started-at="2022-06-11T12:24:26 EDT" name="crmLogoImgTest" finished-at="2022-06-11T12:24:26 EDT" duration-ms="51" status="PASS">
          <reporter-output>
          </reporter-output>
        </test-method> <!-- crmLogoImgTest -->
        <test-method is-config="true" signature="tearDown()[pri:0, instance:com.project.qa.testcases.LoginPageTest@fdefd3f]" started-at="2022-06-11T12:24:26 EDT" name="tearDown" finished-at="2022-06-11T12:24:26 EDT" duration-ms="189" status="PASS">
          <reporter-output>
          </reporter-output>
        </test-method> <!-- tearDown -->
        <test-method is-config="true" signature="setUp()[pri:0, instance:com.project.qa.testcases.LoginPageTest@fdefd3f]" started-at="2022-06-11T12:24:26 EDT" name="setUp" finished-at="2022-06-11T12:24:28 EDT" duration-ms="2356" status="PASS">
          <reporter-output>
          </reporter-output>
        </test-method> <!-- setUp -->
        <test-method signature="loginTest()[pri:3, instance:com.project.qa.testcases.LoginPageTest@fdefd3f]" started-at="2022-06-11T12:24:28 EDT" name="loginTest" finished-at="2022-06-11T12:24:31 EDT" duration-ms="3072" status="PASS">
          <reporter-output>
          </reporter-output>
        </test-method> <!-- loginTest -->
        <test-method is-config="true" signature="tearDown()[pri:0, instance:com.project.qa.testcases.LoginPageTest@fdefd3f]" started-at="2022-06-11T12:24:31 EDT" name="tearDown" finished-at="2022-06-11T12:24:31 EDT" duration-ms="237" status="PASS">
          <reporter-output>
          </reporter-output>
        </test-method> <!-- tearDown -->
      </class> <!-- com.project.qa.testcases.LoginPageTest -->
    </test> <!-- Command line test -->
  </suite> <!-- Command line suite -->
</testng-results>
